\BOOKMARK [-1][]{title.-1}{\376\377\127\372\116\216\121\150\146\157\157\053\156\070\142\200\147\057\166\204\123\357\211\306\123\026\116\244\116\222\213\276\213\241\164\006\213\272\116\016\133\236\215\365\170\024\172\166}{}% 1
\BOOKMARK [0][]{chapter.1}{\376\377\173\054\116\000\172\340\000\040\000\040\176\352\213\272}{title.-1}% 2
\BOOKMARK [1][]{section.1.1}{\376\377\0001\000.\0001\000\040\170\024\172\166\200\314\146\157}{chapter.1}% 3
\BOOKMARK [1][]{section.1.2}{\376\377\0001\000.\0002\000\040\170\024\172\166\166\356\166\204}{chapter.1}% 4
\BOOKMARK [1][]{section.1.3}{\376\377\0001\000.\0003\000\040\170\024\172\166\121\205\133\271}{chapter.1}% 5
\BOOKMARK [1][]{section.1.4}{\376\377\0001\000.\0004\000\040\170\024\172\166\141\017\116\111}{chapter.1}% 6
\BOOKMARK [0][]{chapter.2}{\376\377\173\054\116\214\172\340\000\040\000\040\121\150\146\157\157\053\156\070\210\114\116\032\166\204\136\002\127\072\163\260\162\266}{title.-1}% 7
\BOOKMARK [1][]{section.2.1}{\376\377\0002\000.\0001\000\040\121\150\146\157\157\053\156\070\142\200\147\057\140\073\211\310}{chapter.2}% 8
\BOOKMARK [2][]{subsection.2.1.1}{\376\377\0002\000.\0001\000.\0001\000\040\127\072\146\157\124\110\163\260\170\154\116\366\142\200\147\057}{section.2.1}% 9
\BOOKMARK [2][]{subsection.2.1.2}{\376\377\0002\000.\0001\000.\0002\000\040\127\072\146\157\143\125\203\267\170\154\116\366\142\200\147\057}{section.2.1}% 10
\BOOKMARK [2][]{subsection.2.1.3}{\376\377\0002\000.\0001\000.\0003\000\040\127\072\146\157\131\004\164\006\142\200\147\057}{section.2.1}% 11
\BOOKMARK [2][]{subsection.2.1.4}{\376\377\0002\000.\0001\000.\0004\000\040\127\072\146\157\217\330\123\237\116\016\130\236\137\072\142\200\147\057}{section.2.1}% 12
\BOOKMARK [1][]{section.2.2}{\376\377\0002\000.\0002\000\040\121\150\146\157\157\053\156\070\136\002\127\072\122\115\146\157}{chapter.2}% 13
\BOOKMARK [1][]{section.2.3}{\376\377\0002\000.\0003\000\040\121\150\146\157\157\053\156\070\116\247\116\032\174\173\122\053}{chapter.2}% 14
\BOOKMARK [1][]{section.2.4}{\376\377\0002\000.\0004\000\040\121\150\146\157\157\053\156\070\163\260\147\011\000\040\000A\000P\000P\000\040\122\006\147\220}{chapter.2}% 15
\BOOKMARK [2][]{subsection.2.4.1}{\376\377\0002\000.\0004\000.\0001\000\040\000A\000s\000c\000a\000p\000e}{section.2.4}% 16
\BOOKMARK [2][]{subsection.2.4.2}{\376\377\0002\000.\0004\000.\0002\000\040\000F\000u\000l\000l\000d\000i\000v\000e}{section.2.4}% 17
\BOOKMARK [2][]{subsection.2.4.3}{\376\377\0002\000.\0004\000.\0003\000\040\000V\000R\000\040\000X\000-\000R\000a\000c\000e\000r}{section.2.4}% 18
\BOOKMARK [2][]{subsection.2.4.4}{\376\377\0002\000.\0004\000.\0004\000\040\146\264\230\316\233\124\225\134\000\040\000V\000R}{section.2.4}% 19
\BOOKMARK [1][]{section.2.5}{\376\377\0002\000.\0005\000\040\121\150\146\157\157\053\156\070\210\114\116\032\163\260\162\266\140\073\176\323}{chapter.2}% 20
\BOOKMARK [0][]{chapter.3}{\376\377\173\054\116\011\172\340\000\040\000\040\121\150\146\157\157\053\156\070\116\016\116\272\166\204\121\163\174\373}{title.-1}% 21
\BOOKMARK [1][]{section.3.1}{\376\377\0003\000.\0001\000\040\121\150\146\157\157\053\156\070\116\016\116\272\166\204\165\037\164\006\162\171\140\047}{chapter.3}% 22
\BOOKMARK [2][]{subsection.3.1.1}{\376\377\0003\000.\0001\000.\0001\000\040\121\150\146\157\157\053\156\070\116\016\211\306\211\311\162\171\137\201}{section.3.1}% 23
\BOOKMARK [2][]{subsection.3.1.2}{\376\377\0003\000.\0001\000.\0002\000\040\121\150\146\157\157\053\156\070\116\016\124\054\211\311}{section.3.1}% 24
\BOOKMARK [2][]{subsection.3.1.3}{\376\377\0003\000.\0001\000.\0003\000\040\121\150\146\157\157\053\156\070\116\016\121\166\116\326\141\037\211\311}{section.3.1}% 25
\BOOKMARK [1][]{section.3.2}{\376\377\0003\000.\0002\000\040\121\150\146\157\157\053\156\070\116\016\116\272\166\204\200\242\117\123\122\250\117\134}{chapter.3}% 26
\BOOKMARK [2][]{subsection.3.2.1}{\376\377\0003\000.\0002\000.\0001\000\040\121\163\202\202\217\320\122\250}{section.3.2}% 27
\BOOKMARK [2][]{subsection.3.2.2}{\376\377\0003\000.\0002\000.\0002\000\040\142\113\220\350\155\073\122\250}{section.3.2}% 28
\BOOKMARK [1][]{section.3.3}{\376\377\0003\000.\0003\000\040\121\150\146\157\157\053\156\070\116\016\116\272\166\204\137\303\164\006\162\171\137\201}{chapter.3}% 29
\BOOKMARK [2][]{subsection.3.3.1}{\376\377\0003\000.\0003\000.\0001\000\040\167\345\211\311}{section.3.3}% 30
\BOOKMARK [2][]{subsection.3.3.2}{\376\377\0003\000.\0003\000.\0002\000\040\141\017\213\306}{section.3.3}% 31
\BOOKMARK [2][]{subsection.3.3.3}{\376\377\0003\000.\0003\000.\0003\000\040\213\244\167\345}{section.3.3}% 32
\BOOKMARK [0][]{chapter.4}{\376\377\173\054\126\333\172\340\000\040\000\040\121\150\146\157\157\053\156\070\166\204\117\341\140\157\147\266\147\204}{title.-1}% 33
\BOOKMARK [1][]{section.4.1}{\376\377\0004\000.\0001\000\040\117\341\140\157\166\204\176\304\176\307\137\142\137\017}{chapter.4}% 34
\BOOKMARK [1][]{section.4.2}{\376\377\0004\000.\0002\000\040\121\150\146\157\157\053\156\070\166\204\117\341\140\157\152\041\127\213}{chapter.4}% 35
\BOOKMARK [2][]{subsection.4.2.1}{\376\377\0004\000.\0002\000.\0001\000\040\117\341\140\157\147\266\147\204\176\304\176\307\137\142\137\017}{section.4.2}% 36
\BOOKMARK [2][]{subsection.4.2.2}{\376\377\0004\000.\0002\000.\0002\000\040\117\341\140\157\147\266\147\204\176\304\116\366}{section.4.2}% 37
\BOOKMARK [2][]{subsection.4.2.3}{\376\377\0004\000.\0002\000.\0003\000\040\117\341\140\157\147\266\147\204\123\357\211\306\123\026}{section.4.2}% 38
\BOOKMARK [1][]{section.4.3}{\376\377\0004\000.\0003\000\040\121\150\146\157\157\053\156\070\166\204\122\237\200\375\152\041\127\213}{chapter.4}% 39
\BOOKMARK [2][]{subsection.4.3.1}{\376\377\0004\000.\0003\000.\0001\000\040\157\053\156\070\122\237\200\375}{section.4.3}% 40
\BOOKMARK [2][]{subsection.4.3.2}{\376\377\0004\000.\0003\000.\0002\000\040\133\374\202\052\122\237\200\375}{section.4.3}% 41
\BOOKMARK [2][]{subsection.4.3.3}{\376\377\0004\000.\0003\000.\0003\000\040\144\034\175\042\122\237\200\375}{section.4.3}% 42
\BOOKMARK [2][]{subsection.4.3.4}{\376\377\0004\000.\0003\000.\0004\000\040\213\260\137\306\122\237\200\375}{section.4.3}% 43
\BOOKMARK [1][]{section.4.4}{\376\377\0004\000.\0004\000\040\121\150\146\157\157\053\156\070\166\204\122\237\200\375\152\041\127\127}{chapter.4}% 44
\BOOKMARK [2][]{subsection.4.4.1}{\376\377\0004\000.\0004\000.\0001\000\040\133\374\202\052\122\237\200\375\152\041\127\127}{section.4.4}% 45
\BOOKMARK [2][]{subsection.4.4.2}{\376\377\0004\000.\0004\000.\0002\000\040\127\072\146\157\162\171\153\212\152\041\127\127}{section.4.4}% 46
\BOOKMARK [2][]{subsection.4.4.3}{\376\377\0004\000.\0004\000.\0003\000\040\131\032\217\223\121\145\116\244\116\222\152\041\127\127}{section.4.4}% 47
\BOOKMARK [2][]{subsection.4.4.4}{\376\377\0004\000.\0004\000.\0004\000\040\160\355\160\271\152\041\127\127}{section.4.4}% 48
\BOOKMARK [0][]{chapter.5}{\376\377\173\054\116\224\172\340\000\040\000\040\121\150\146\157\157\053\156\070\166\204\116\244\116\222\152\041\127\213}{title.-1}% 49
\BOOKMARK [1][]{section.5.1}{\376\377\0005\000.\0001\000\040\213\276\131\007\116\244\116\222}{chapter.5}% 50
\BOOKMARK [2][]{subsection.5.1.1}{\376\377\0005\000.\0001\000.\0001\000\040\117\341\140\157\155\101\116\016\123\315\231\210\173\111\137\205}{section.5.1}% 51
\BOOKMARK [2][]{subsection.5.1.2}{\376\377\0005\000.\0001\000.\0002\000\040\117\341\140\157\117\356\153\143}{section.5.1}% 52
\BOOKMARK [1][]{section.5.2}{\376\377\0005\000.\0002\000\040\133\374\202\052\116\244\116\222}{chapter.5}% 53
\BOOKMARK [2][]{subsection.5.2.1}{\376\377\0005\000.\0002\000.\0001\000\040\116\012\116\013\145\207\141\037\167\345}{section.5.2}% 54
\BOOKMARK [2][]{subsection.5.2.2}{\376\377\0005\000.\0002\000.\0002\000\040\130\236\137\072\117\341\140\157}{section.5.2}% 55
\BOOKMARK [2][]{subsection.5.2.3}{\376\377\0005\000.\0002\000.\0003\000\040\131\032\116\373\122\241\122\007\143\142}{section.5.2}% 56
\BOOKMARK [1][]{section.5.3}{\376\377\0005\000.\0003\000\040\127\072\146\157\116\244\116\222}{chapter.5}% 57
\BOOKMARK [2][]{subsection.5.3.1}{\376\377\0005\000.\0003\000.\0001\000\040\127\072\146\157\157\053\156\070\215\357\137\204}{section.5.3}% 58
\BOOKMARK [2][]{subsection.5.3.2}{\376\377\0005\000.\0003\000.\0002\000\040\127\072\146\157\122\007\143\142\150\007\213\306}{section.5.3}% 59
\BOOKMARK [2][]{subsection.5.3.3}{\376\377\0005\000.\0003\000.\0003\000\040\166\364\211\302\123\026\116\244\116\222}{section.5.3}% 60
\BOOKMARK [0][]{chapter.6}{\376\377\173\054\121\155\172\340\000\040\000\040\121\150\146\157\157\053\156\070\166\204\116\244\116\222\133\236\163\260}{title.-1}% 61
\BOOKMARK [1][]{section.6.1}{\376\377\0006\000.\0001\000\040\227\000\154\102\133\232\116\111}{chapter.6}% 62
\BOOKMARK [2][]{subsection.6.1.1}{\376\377\0006\000.\0001\000.\0001\000\040\116\367\120\074\227\000\154\102\122\006\147\220}{section.6.1}% 63
\BOOKMARK [2][]{subsection.6.1.2}{\376\377\0006\000.\0001\000.\0002\000\040\122\237\200\375\227\000\154\102\122\006\147\220}{section.6.1}% 64
\BOOKMARK [2][]{subsection.6.1.3}{\376\377\0006\000.\0001\000.\0003\000\040\145\160\143\156\227\000\154\102\122\006\147\220}{section.6.1}% 65
\BOOKMARK [1][]{section.6.2}{\376\377\0006\000.\0002\000\040\122\237\200\375\147\266\147\204}{chapter.6}% 66
\BOOKMARK [2][]{subsection.6.2.1}{\376\377\0006\000.\0002\000.\0001\000\040\123\321\163\260\122\237\200\375}{section.6.2}% 67
\BOOKMARK [2][]{subsection.6.2.2}{\376\377\0006\000.\0002\000.\0002\000\040\127\072\146\157\157\053\156\070\122\237\200\375}{section.6.2}% 68
\BOOKMARK [1][]{section.6.3}{\376\377\0006\000.\0003\000\040\116\244\116\222\152\041\127\213}{chapter.6}% 69
\BOOKMARK [1][]{section.6.4}{\376\377\0006\000.\0004\000\040\123\237\127\213\213\276\213\241}{chapter.6}% 70
\BOOKMARK [2][]{subsection.6.4.1}{\376\377\0006\000.\0004\000.\0001\000\040\136\070\165\050\147\057\213\355}{section.6.4}% 71
\BOOKMARK [2][]{subsection.6.4.2}{\376\377\0006\000.\0004\000.\0002\000\040\133\374\202\052\165\114\227\142\213\276\213\241}{section.6.4}% 72
\BOOKMARK [2][]{subsection.6.4.3}{\376\377\0006\000.\0004\000.\0003\000\040\157\053\156\070\165\114\227\142\213\276\213\241}{section.6.4}% 73
\BOOKMARK [2][]{subsection.6.4.4}{\376\377\0006\000.\0004\000.\0004\000\040\122\237\200\375\165\114\227\142\213\276\213\241}{section.6.4}% 74
\BOOKMARK [2][]{subsection.6.4.5}{\376\377\0006\000.\0004\000.\0005\000\040\144\315\117\134\145\271\137\017\213\276\213\241}{section.6.4}% 75
\BOOKMARK [1][]{section.6.5}{\376\377\0006\000.\0005\000\040\172\013\136\217\171\072\117\213}{chapter.6}% 76
\BOOKMARK [2][]{subsection.6.5.1}{\376\377\0006\000.\0005\000.\0001\000\040\171\072\117\213\116\343\170\001}{section.6.5}% 77
\BOOKMARK [0][]{chapter.7}{\376\377\173\054\116\003\172\340\000\040\000\040\121\150\146\157\157\053\156\070\213\276\213\241\213\304\116\367}{title.-1}% 78
\BOOKMARK [1][]{section.7.1}{\376\377\0007\000.\0001\000\040\220\002\165\050\116\216\121\150\146\157\157\053\156\070\166\204\116\244\116\222\143\007\150\007}{chapter.7}% 79
\BOOKMARK [1][]{section.7.2}{\376\377\0007\000.\0002\000\040\227\142\124\021\165\050\142\067\166\204\213\304\116\367\143\007\150\007}{chapter.7}% 80
\BOOKMARK [1][]{section.7.3}{\376\377\0007\000.\0003\000\040\144\315\117\134\217\307\172\013\166\204\221\317\123\026\143\007\150\007}{chapter.7}% 81
\BOOKMARK [1][]{section.7.4}{\376\377\0007\000.\0004\000\040\116\244\116\222\213\304\116\367\171\072\117\213}{chapter.7}% 82
\BOOKMARK [0][]{chapter.8}{\376\377\173\054\121\153\172\340\000\040\000\040\140\073\176\323}{title.-1}% 83
\BOOKMARK [1][]{section.8.1}{\376\377\0008\000.\0001\000\040\116\073\211\201\135\345\117\134\116\016\122\033\145\260\160\271}{chapter.8}% 84
\BOOKMARK [1][]{section.8.2}{\376\377\0008\000.\0002\000\040\147\011\137\205\145\071\217\333\166\204\127\060\145\271}{chapter.8}% 85
\BOOKMARK [0][]{chapter*.77}{\376\377\201\364\214\042}{title.-1}% 86
\BOOKMARK [0][]{chapter*.78}{\376\377\123\302\200\003\145\207\163\056}{title.-1}% 87
